<?xml version="1.0" encoding="UTF-8"?>
<testsuites>
  <testsuite name="Unit" tests="13" assertions="22" errors="0" failures="0" skipped="0" time="0.136450">
    <testsuite name="ThumbnailSoTest" file="/Users/magnum34/projects/Thumbnail-so/tests/ThumbnailSoTest.php" tests="13" assertions="22" errors="0" failures="0" skipped="0" time="0.136450">
      <testcase name="testLoadNoFile" class="ThumbnailSoTest" classname="ThumbnailSoTest" file="/Users/magnum34/projects/Thumbnail-so/tests/ThumbnailSoTest.php" line="45" assertions="2" time="0.004412"/>
      <testcase name="testLoadImageJPG" class="ThumbnailSoTest" classname="ThumbnailSoTest" file="/Users/magnum34/projects/Thumbnail-so/tests/ThumbnailSoTest.php" line="49" assertions="1" time="0.002240"/>
      <testcase name="testLoadImagePNG" class="ThumbnailSoTest" classname="ThumbnailSoTest" file="/Users/magnum34/projects/Thumbnail-so/tests/ThumbnailSoTest.php" line="56" assertions="1" time="0.001651"/>
      <testsuite name="ThumbnailSoTest::testResizeToMaxSidePNGSuccess" tests="4" assertions="8" errors="0" failures="0" skipped="0" time="0.048771">
        <testcase name="testResizeToMaxSidePNGSuccess with data set #0" class="ThumbnailSoTest" classname="ThumbnailSoTest" file="/Users/magnum34/projects/Thumbnail-so/tests/ThumbnailSoTest.php" line="66" assertions="2" time="0.026842"/>
        <testcase name="testResizeToMaxSidePNGSuccess with data set #1" class="ThumbnailSoTest" classname="ThumbnailSoTest" file="/Users/magnum34/projects/Thumbnail-so/tests/ThumbnailSoTest.php" line="66" assertions="2" time="0.017578"/>
        <testcase name="testResizeToMaxSidePNGSuccess with data set #2" class="ThumbnailSoTest" classname="ThumbnailSoTest" file="/Users/magnum34/projects/Thumbnail-so/tests/ThumbnailSoTest.php" line="66" assertions="2" time="0.002836"/>
        <testcase name="testResizeToMaxSidePNGSuccess with data set #3" class="ThumbnailSoTest" classname="ThumbnailSoTest" file="/Users/magnum34/projects/Thumbnail-so/tests/ThumbnailSoTest.php" line="66" assertions="2" time="0.001515"/>
      </testsuite>
      <testsuite name="ThumbnailSoTest::testResizeToMaxSideJPEGSuccess" tests="4" assertions="8" errors="0" failures="0" skipped="0" time="0.025694">
        <testcase name="testResizeToMaxSideJPEGSuccess with data set #0" class="ThumbnailSoTest" classname="ThumbnailSoTest" file="/Users/magnum34/projects/Thumbnail-so/tests/ThumbnailSoTest.php" line="79" assertions="2" time="0.013328"/>
        <testcase name="testResizeToMaxSideJPEGSuccess with data set #1" class="ThumbnailSoTest" classname="ThumbnailSoTest" file="/Users/magnum34/projects/Thumbnail-so/tests/ThumbnailSoTest.php" line="79" assertions="2" time="0.008993"/>
        <testcase name="testResizeToMaxSideJPEGSuccess with data set #2" class="ThumbnailSoTest" classname="ThumbnailSoTest" file="/Users/magnum34/projects/Thumbnail-so/tests/ThumbnailSoTest.php" line="79" assertions="2" time="0.002281"/>
        <testcase name="testResizeToMaxSideJPEGSuccess with data set #3" class="ThumbnailSoTest" classname="ThumbnailSoTest" file="/Users/magnum34/projects/Thumbnail-so/tests/ThumbnailSoTest.php" line="79" assertions="2" time="0.001092"/>
      </testsuite>
      <testcase name="testSaveLocalJPEGSuccess" class="ThumbnailSoTest" classname="ThumbnailSoTest" file="/Users/magnum34/projects/Thumbnail-so/tests/ThumbnailSoTest.php" line="89" assertions="1" time="0.020658"/>
      <testcase name="testSaveLocalPNGSuccess" class="ThumbnailSoTest" classname="ThumbnailSoTest" file="/Users/magnum34/projects/Thumbnail-so/tests/ThumbnailSoTest.php" line="98" assertions="1" time="0.033024"/>
    </testsuite>
  </testsuite>
</testsuites>
